###############################################################
#  Generated by:      Cadence Encounter 13.10-p003_1
#  OS:                Linux i686(Host ID cadence)
#  Generated on:      Thu Dec  5 14:50:29 2024
#  Design:            hybrid_mac
#  Command:           verifyGeometry
###############################################################

SPACING: Regular Via of Net reduction_result[24] & Regular Wire of Net reduction_result[24]  ( Metal2 )
Bounds : ( 18.925, 24.285 ) ( 19.070, 24.375 )
Actual:     0.09     Min:     0.14     Type: SameNet  SameNetGap

SPACING: Regular Via of Net reduction_result[25] & Regular Wire of Net reduction_result[25]  ( Metal2 )
Bounds : ( 11.095, 22.025 ) ( 11.240, 22.115 )
Actual:     0.09     Min:     0.14     Type: SameNet  SameNetGap

SPACING: Regular Via of Net reduction_result[26] & Regular Via of Net reduction_result[26]  ( Metal2 )
Bounds : ( 19.505, 11.525 ) ( 19.650, 11.615 )
Actual:     0.09     Min:     0.14     Type: SameNet  SameNetGap

SPACING: Regular Via of Net reduction_result[27] & Regular Wire of Net reduction_result[27]  ( Metal2 )
Bounds : ( 20.375, 13.905 ) ( 20.520, 13.995 )
Actual:     0.09     Min:     0.14     Type: SameNet  SameNetGap


Begin Summary ...
  Cells       : 0
  SameNet     : 4
  Wiring      : 0
  Antenna     : 0
  Short       : 0
  Overlap     : 0
End Summary

  Total Violations : 4 Viols.
