###############################################################
#  Generated by:      Cadence Encounter 13.10-p003_1
#  OS:                Linux i686(Host ID cadence)
#  Generated on:      Wed Dec  4 17:31:22 2024
#  Design:            hybrid_mac
#  Command:           verifyConnectivity -type all -error 1000 -warning 50
###############################################################
Verify Connectivity Report is created on Wed Dec  4 17:31:22 2024



Net VDD: dangling Wire at (80.910, 78.010) (80.910, 78.010) on layer: M1
Net VDD: dangling Wire at (80.910, 72.790) (80.910, 72.790) on layer: M1
Net VDD: dangling Wire at (80.910, 67.570) (80.910, 67.570) on layer: M1
Net VDD: dangling Wire at (80.910, 62.350) (80.910, 62.350) on layer: M1
Net VDD: dangling Wire at (80.910, 57.130) (80.910, 57.130) on layer: M1
Net VDD: dangling Wire at (80.910, 51.910) (80.910, 51.910) on layer: M1
Net VDD: dangling Wire at (80.910, 46.690) (80.910, 46.690) on layer: M1
Net VDD: dangling Wire at (80.910, 41.470) (80.910, 41.470) on layer: M1
Net VDD: dangling Wire at (80.910, 36.250) (80.910, 36.250) on layer: M1
Net VDD: dangling Wire at (80.910, 31.030) (80.910, 31.030) on layer: M1
Net VDD: dangling Wire at (80.910, 25.810) (80.910, 25.810) on layer: M1
Net VDD: dangling Wire at (80.910, 20.590) (80.910, 20.590) on layer: M1
Net VDD: dangling Wire at (80.910, 15.370) (80.910, 15.370) on layer: M1
Net VDD: dangling Wire at (80.910, 10.150) (80.910, 10.150) on layer: M1
Net VSS: dangling Wire at (10.150, 75.400) (10.150, 75.400) on layer: M1
Net VSS: dangling Wire at (80.910, 75.400) (80.910, 75.400) on layer: M1
Net VSS: dangling Wire at (10.150, 70.180) (10.150, 70.180) on layer: M1
Net VSS: dangling Wire at (80.910, 70.180) (80.910, 70.180) on layer: M1
Net VSS: dangling Wire at (10.150, 64.960) (10.150, 64.960) on layer: M1
Net VSS: dangling Wire at (80.910, 64.960) (80.910, 64.960) on layer: M1
Net VSS: dangling Wire at (10.150, 59.740) (10.150, 59.740) on layer: M1
Net VSS: dangling Wire at (80.910, 59.740) (80.910, 59.740) on layer: M1
Net VSS: dangling Wire at (10.150, 54.520) (10.150, 54.520) on layer: M1
Net VSS: dangling Wire at (80.910, 54.520) (80.910, 54.520) on layer: M1
Net VSS: dangling Wire at (10.150, 49.300) (10.150, 49.300) on layer: M1
Net VSS: dangling Wire at (80.910, 49.300) (80.910, 49.300) on layer: M1
Net VSS: dangling Wire at (10.150, 44.080) (10.150, 44.080) on layer: M1
Net VSS: dangling Wire at (80.910, 44.080) (80.910, 44.080) on layer: M1
Net VSS: dangling Wire at (10.150, 38.860) (10.150, 38.860) on layer: M1
Net VSS: dangling Wire at (80.910, 38.860) (80.910, 38.860) on layer: M1
Net VSS: dangling Wire at (10.150, 33.640) (10.150, 33.640) on layer: M1
Net VSS: dangling Wire at (80.910, 33.640) (80.910, 33.640) on layer: M1
Net VSS: dangling Wire at (10.150, 28.420) (10.150, 28.420) on layer: M1
Net VSS: dangling Wire at (80.910, 28.420) (80.910, 28.420) on layer: M1
Net VSS: dangling Wire at (10.150, 23.200) (10.150, 23.200) on layer: M1
Net VSS: dangling Wire at (80.910, 23.200) (80.910, 23.200) on layer: M1
Net VSS: dangling Wire at (10.150, 17.980) (10.150, 17.980) on layer: M1
Net VSS: dangling Wire at (80.910, 17.980) (80.910, 17.980) on layer: M1
Net VSS: dangling Wire at (10.150, 12.760) (10.150, 12.760) on layer: M1
Net VSS: dangling Wire at (80.910, 12.760) (80.910, 12.760) on layer: M1

Begin Summary
    40 Problem(s) (ENCVFC-94): The net has dangling wire(s).
    40 total info(s) created.
End Summary
