###############################################################
#  Generated by:      Cadence Encounter 13.10-p003_1
#  OS:                Linux i686(Host ID cadence)
#  Generated on:      Wed Dec  4 17:30:33 2024
#  Design:            hybrid_mac
#  Command:           verifyGeometry
###############################################################

SPACING: Special Wire of Net VDD & Blockage of Cell acc/accumulated_result_reg[3]  ( Metal1 )
Bounds : ( 44.075, 10.365 ) ( 44.635, 10.510 )
Actual:     0.145     Min:     0.18     Type: ParallelRun

SPACING: Special Wire of Net VDD & Blockage of Cell acc/accumulated_result_reg[3]  ( Metal1 )
Bounds : ( 42.635, 10.365 ) ( 43.515, 10.530 )
Actual:     0.165     Min:     0.18     Type: ParallelRun


Begin Summary ...
  Cells       : 0
  SameNet     : 2
  Wiring      : 0
  Antenna     : 0
  Short       : 0
  Overlap     : 0
End Summary

  Total Violations : 2 Viols.
